#
# There is insufficient memory for the Java Runtime Environment to continue.
# Native memory allocation (malloc) failed to allocate 1048576 bytes. Error detail: AllocateHeap
# Possible reasons:
#   The system is out of physical RAM or swap space
#   This process is running with CompressedOops enabled, and the Java Heap may be blocking the growth of the native heap
# Possible solutions:
#   Reduce memory load on the system
#   Increase physical memory or swap space
#   Check if swap backing store is full
#   Decrease Java heap size (-Xmx/-Xms)
#   Decrease number of Java threads
#   Decrease Java thread stack sizes (-Xss)
#   Set larger code cache with -XX:ReservedCodeCacheSize=
#   JVM is running with Unscaled Compressed Oops mode in which the Java heap is
#     placed in the first 4GB address space. The Java Heap base address is the
#     maximum limit for the native heap growth. Please use -XX:HeapBaseMinAddress
#     to set the Java Heap base and to place the Java Heap above 4GB virtual address.
# This output file may be truncated or incomplete.
#
#  Out of Memory Error (allocation.cpp:44), pid=10656, tid=16348
#
# JRE version: OpenJDK Runtime Environment Temurin-21.0.8+9 (21.0.8+9) (build 21.0.8+9-LTS)
# Java VM: OpenJDK 64-Bit Server VM Temurin-21.0.8+9 (21.0.8+9-LTS, mixed mode, sharing, tiered, compressed oops, compressed class ptrs, parallel gc, windows-amd64)
# No core dump will be written. Minidumps are not enabled by default on client versions of Windows
#

---------------  S U M M A R Y ------------

Command Line: --add-modules=ALL-SYSTEM --add-opens=java.base/java.util=ALL-UNNAMED --add-opens=java.base/java.lang=ALL-UNNAMED --add-opens=java.base/sun.nio.fs=ALL-UNNAMED -Declipse.application=org.eclipse.jdt.ls.core.id1 -Dosgi.bundles.defaultStartLevel=4 -Declipse.product=org.eclipse.jdt.ls.core.product -Djava.import.generatesMetadataFilesAtProjectRoot=false -DDetectVMInstallationsJob.disabled=true -Dfile.encoding=utf8 -XX:+UseParallelGC -XX:GCTimeRatio=4 -XX:AdaptiveSizePolicyWeight=90 -Dsun.zip.disableMemoryMapping=true -Xmx2G -Xms100m -Xlog:disable -javaagent:c:\Users\91990\.vscode\extensions\redhat.java-1.46.0-win32-x64\lombok\lombok-1.18.39-4050.jar -XX:+HeapDumpOnOutOfMemoryError -XX:HeapDumpPath=c:\Users\91990\AppData\Roaming\Code\User\workspaceStorage\3cb9a8cd548f6144374c6c8cfa19e74b\redhat.java -Daether.dependencyCollector.impl=bf c:\Users\91990\.vscode\extensions\redhat.java-1.46.0-win32-x64\server\plugins\org.eclipse.equinox.launcher_1.7.0.v20250519-0528.jar -configuration c:\Users\91990\AppData\Roaming\Code\User\globalStorage\redhat.java\1.46.0\config_win -data c:\Users\91990\AppData\Roaming\Code\User\workspaceStorage\3cb9a8cd548f6144374c6c8cfa19e74b\redhat.java\jdt_ws --pipe=\\.\pipe\lsp-0f5dc96fb7c1694dc5b79544cb860abc-sock

Host: 11th Gen Intel(R) Core(TM) i5-1135G7 @ 2.40GHz, 8 cores, 7G,  Windows 11 , 64 bit Build 26100 (10.0.26100.6725)
Time: Tue Oct 28 20:50:05 2025 India Standard Time elapsed time: 573.150878 seconds (0d 0h 9m 33s)

---------------  T H R E A D  ---------------

Current thread (0x0000016816f9ff50):  JavaThread "Attach Listener" daemon [_thread_in_vm, id=16348, stack(0x0000004480400000,0x0000004480500000) (1024K)]

Stack: [0x0000004480400000,0x0000004480500000]
Native frames: (J=compiled Java code, j=interpreted, Vv=VM code, C=native code)
V  [jvm.dll+0x6d2449]
V  [jvm.dll+0x8ae341]
V  [jvm.dll+0x8b08be]
V  [jvm.dll+0x8b0fa3]
V  [jvm.dll+0x280c96]
V  [jvm.dll+0xc0347]
V  [jvm.dll+0x6d2cf9]
V  [jvm.dll+0x131116]
V  [jvm.dll+0x3f2d16]
V  [jvm.dll+0x857e6b]
V  [jvm.dll+0x6d0b0d]
C  [ucrtbase.dll+0x37b0]
C  [KERNEL32.DLL+0x2e8d7]
C  [ntdll.dll+0x8c53c]


---------------  P R O C E S S  ---------------

Threads class SMR info:
_java_thread_list=0x0000016861d970c0, length=50, elements={
0x000001687fe245d0, 0x0000016816f98380, 0x000001687fede630, 0x0000016816f9f300,
0x0000016816f9ff50, 0x0000016816fa4d80, 0x0000016816fb64d0, 0x0000016816fbe380,
0x0000016816fc2c20, 0x0000016816fb5e40, 0x0000016816fb7880, 0x0000016816fb6b60,
0x0000016816fb71f0, 0x0000016816fb5120, 0x0000016816fb7f10, 0x0000016816fb57b0,
0x000001685ee1feb0, 0x000001685ee1eb00, 0x000001685ee21260, 0x000001685ee1e470,
0x000001685ee22610, 0x000001685ee1f190, 0x000001685ee24050, 0x000001685ee246e0,
0x000001685ee22ca0, 0x000001685ee24d70, 0x000001685ee25400, 0x000001685ee239c0,
0x000001685ee23330, 0x000001686344ab90, 0x00000168634497e0, 0x000001686344b220,
0x0000016863449e70, 0x000001686344a500, 0x000001686344f3c0, 0x000001686344c5d0,
0x000001686344cc60, 0x000001685fb4dd90, 0x000001685fb4e420, 0x000001685fb50b80,
0x000001685fb4fe60, 0x000001685fb4eab0, 0x000001685fb4f140, 0x000001685fb4f7d0,
0x000001685fb4d700, 0x000001685fb53970, 0x000001685fb532e0, 0x000001685fb504f0,
0x000001685fb525c0, 0x000001685fb54690
}

Java Threads: ( => current thread )
  0x000001687fe245d0 JavaThread "main"                              [_thread_blocked, id=9812, stack(0x00000044ffd00000,0x00000044ffe00000) (1024K)]
  0x0000016816f98380 JavaThread "Reference Handler"          daemon [_thread_blocked, id=20760, stack(0x0000004480100000,0x0000004480200000) (1024K)]
  0x000001687fede630 JavaThread "Finalizer"                  daemon [_thread_blocked, id=4868, stack(0x0000004480200000,0x0000004480300000) (1024K)]
  0x0000016816f9f300 JavaThread "Signal Dispatcher"          daemon [_thread_blocked, id=11760, stack(0x0000004480300000,0x0000004480400000) (1024K)]
=>0x0000016816f9ff50 JavaThread "Attach Listener"            daemon [_thread_in_vm, id=16348, stack(0x0000004480400000,0x0000004480500000) (1024K)]
  0x0000016816fa4d80 JavaThread "Service Thread"             daemon [_thread_blocked, id=9460, stack(0x0000004480500000,0x0000004480600000) (1024K)]
  0x0000016816fb64d0 JavaThread "Monitor Deflation Thread"   daemon [_thread_blocked, id=11388, stack(0x0000004480600000,0x0000004480700000) (1024K)]
  0x0000016816fbe380 JavaThread "C2 CompilerThread0"         daemon [_thread_blocked, id=948, stack(0x0000004480700000,0x0000004480800000) (1024K)]
  0x0000016816fc2c20 JavaThread "C1 CompilerThread0"         daemon [_thread_blocked, id=16620, stack(0x0000004480800000,0x0000004480900000) (1024K)]
  0x0000016816fb5e40 JavaThread "Common-Cleaner"             daemon [_thread_blocked, id=18908, stack(0x0000004480900000,0x0000004480a00000) (1024K)]
  0x0000016816fb7880 JavaThread "Notification Thread"        daemon [_thread_blocked, id=23708, stack(0x0000004480b00000,0x0000004480c00000) (1024K)]
  0x0000016816fb6b60 JavaThread "Active Thread: Equinox Container: c8d91039-3427-4699-ae10-56503bda8d36"        [_thread_blocked, id=12468, stack(0x0000004481300000,0x0000004481400000) (1024K)]
  0x0000016816fb71f0 JavaThread "Refresh Thread: Equinox Container: c8d91039-3427-4699-ae10-56503bda8d36" daemon [_thread_blocked, id=20552, stack(0x0000004481400000,0x0000004481500000) (1024K)]
  0x0000016816fb5120 JavaThread "Framework Event Dispatcher: Equinox Container: c8d91039-3427-4699-ae10-56503bda8d36" daemon [_thread_blocked, id=15408, stack(0x0000004481600000,0x0000004481700000) (1024K)]
  0x0000016816fb7f10 JavaThread "Start Level: Equinox Container: c8d91039-3427-4699-ae10-56503bda8d36" daemon [_thread_blocked, id=12336, stack(0x0000004481700000,0x0000004481800000) (1024K)]
  0x0000016816fb57b0 JavaThread "Bundle File Closer"         daemon [_thread_blocked, id=12340, stack(0x0000004480a00000,0x0000004480b00000) (1024K)]
  0x000001685ee1feb0 JavaThread "SCR Component Actor"        daemon [_thread_blocked, id=10604, stack(0x0000004480c00000,0x0000004480d00000) (1024K)]
  0x000001685ee1eb00 JavaThread "Worker-JM"                         [_thread_blocked, id=25884, stack(0x0000004481900000,0x0000004481a00000) (1024K)]
  0x000001685ee21260 JavaThread "JNA Cleaner"                daemon [_thread_blocked, id=14940, stack(0x0000004481800000,0x0000004481900000) (1024K)]
  0x000001685ee1e470 JavaThread "Java indexing"              daemon [_thread_blocked, id=14208, stack(0x0000004481e00000,0x0000004481f00000) (1024K)]
  0x000001685ee22610 JavaThread "Thread-1"                   daemon [_thread_in_native, id=1896, stack(0x0000004482400000,0x0000004482500000) (1024K)]
  0x000001685ee1f190 JavaThread "Thread-2"                   daemon [_thread_in_native, id=26772, stack(0x0000004482500000,0x0000004482600000) (1024K)]
  0x000001685ee24050 JavaThread "Thread-3"                   daemon [_thread_in_native, id=12132, stack(0x0000004482600000,0x0000004482700000) (1024K)]
  0x000001685ee246e0 JavaThread "Thread-4"                   daemon [_thread_in_native, id=10332, stack(0x0000004482700000,0x0000004482800000) (1024K)]
  0x000001685ee22ca0 JavaThread "Thread-5"                   daemon [_thread_in_native, id=15652, stack(0x0000004482800000,0x0000004482900000) (1024K)]
  0x000001685ee24d70 JavaThread "Thread-6"                   daemon [_thread_in_native, id=23092, stack(0x0000004482900000,0x0000004482a00000) (1024K)]
  0x000001685ee25400 JavaThread "Thread-7"                   daemon [_thread_in_native, id=17692, stack(0x0000004482a00000,0x0000004482b00000) (1024K)]
  0x000001685ee239c0 JavaThread "Thread-8"                   daemon [_thread_in_native, id=15908, stack(0x0000004482b00000,0x0000004482c00000) (1024K)]
  0x000001685ee23330 JavaThread "Thread-9"                   daemon [_thread_in_native, id=1516, stack(0x0000004482c00000,0x0000004482d00000) (1024K)]
  0x000001686344ab90 JavaThread "pool-2-thread-1"                   [_thread_blocked, id=18892, stack(0x0000004482d00000,0x0000004482e00000) (1024K)]
  0x00000168634497e0 JavaThread "WorkspaceEventsHandler"            [_thread_blocked, id=27912, stack(0x0000004482e00000,0x0000004482f00000) (1024K)]
  0x000001686344b220 JavaThread "pool-1-thread-1"                   [_thread_blocked, id=20280, stack(0x0000004482f00000,0x0000004483000000) (1024K)]
  0x0000016863449e70 JavaThread "ForkJoinPool.commonPool-worker-2" daemon [_thread_blocked, id=11504, stack(0x0000004483100000,0x0000004483200000) (1024K)]
  0x000001686344a500 JavaThread "ForkJoinPool.commonPool-worker-3" daemon [_thread_blocked, id=20504, stack(0x0000004483200000,0x0000004483300000) (1024K)]
  0x000001686344f3c0 JavaThread "ForkJoinPool.commonPool-worker-7" daemon [_thread_blocked, id=26540, stack(0x0000004483500000,0x0000004483600000) (1024K)]
  0x000001686344c5d0 JavaThread "Cleaner-0"                  daemon [_thread_blocked, id=14080, stack(0x0000004483700000,0x0000004483800000) (1024K)]
  0x000001686344cc60 JavaThread "Worker-5"                          [_thread_blocked, id=13448, stack(0x0000004483800000,0x0000004483900000) (1024K)]
  0x000001685fb4dd90 JavaThread "ForkJoinPool.commonPool-worker-8" daemon [_thread_blocked, id=12168, stack(0x0000004481f00000,0x0000004482000000) (1024K)]
  0x000001685fb4e420 JavaThread "Worker-10"                         [_thread_blocked, id=1648, stack(0x0000004482000000,0x0000004482100000) (1024K)]
  0x000001685fb50b80 JavaThread "Worker-11"                         [_thread_blocked, id=23876, stack(0x0000004481a00000,0x0000004481b00000) (1024K)]
  0x000001685fb4fe60 JavaThread "ForkJoinPool.commonPool-worker-9" daemon [_thread_blocked, id=25412, stack(0x0000004481b00000,0x0000004481c00000) (1024K)]
  0x000001685fb4eab0 JavaThread "Worker-12"                         [_thread_blocked, id=4996, stack(0x0000004481c00000,0x0000004481d00000) (1024K)]
  0x000001685fb4f140 JavaThread "Worker-13"                         [_thread_blocked, id=27800, stack(0x0000004481d00000,0x0000004481e00000) (1024K)]
  0x000001685fb4f7d0 JavaThread "Compiler Source File Reader" daemon [_thread_blocked, id=11872, stack(0x0000004482100000,0x0000004482200000) (1024K)]
  0x000001685fb4d700 JavaThread "Compiler Processing Task"   daemon [_thread_blocked, id=12808, stack(0x0000004482200000,0x0000004482300000) (1024K)]
  0x000001685fb53970 JavaThread "Compiler Source File Reader" daemon [_thread_blocked, id=11468, stack(0x0000004482300000,0x0000004482400000) (1024K)]
  0x000001685fb532e0 JavaThread "Compiler Source File Reader" daemon [_thread_blocked, id=7532, stack(0x0000004483000000,0x0000004483100000) (1024K)]
  0x000001685fb504f0 JavaThread "Compiler Source File Reader" daemon [_thread_blocked, id=27576, stack(0x0000004483300000,0x0000004483400000) (1024K)]
  0x000001685fb525c0 JavaThread "Compiler Source File Reader" daemon [_thread_blocked, id=28596, stack(0x0000004483400000,0x0000004483500000) (1024K)]
  0x000001685fb54690 JavaThread "Worker-14"                         [_thread_blocked, id=19864, stack(0x0000004483600000,0x0000004483700000) (1024K)]
Total: 50

Other Threads:
  0x0000016816f92d40 VMThread "VM Thread"                           [id=26956, stack(0x0000004480000000,0x0000004480100000) (1024K)]
  0x000001687fe90c30 WatcherThread "VM Periodic Task Thread"        [id=27516, stack(0x00000044fff00000,0x0000004500000000) (1024K)]
  0x000001687fe42db0 WorkerThread "GC Thread#0"                     [id=21172, stack(0x00000044ffe00000,0x00000044fff00000) (1024K)]
  0x000001685e377500 WorkerThread "GC Thread#1"                     [id=23460, stack(0x0000004480d00000,0x0000004480e00000) (1024K)]
  0x000001685e481c80 WorkerThread "GC Thread#2"                     [id=1688, stack(0x0000004480e00000,0x0000004480f00000) (1024K)]
  0x000001685e482020 WorkerThread "GC Thread#3"                     [id=25320, stack(0x0000004480f00000,0x0000004481000000) (1024K)]
  0x000001685e4823c0 WorkerThread "GC Thread#4"                     [id=19688, stack(0x0000004481000000,0x0000004481100000) (1024K)]
  0x000001685e482760 WorkerThread "GC Thread#5"                     [id=18148, stack(0x0000004481100000,0x0000004481200000) (1024K)]
  0x000001685e482b00 WorkerThread "GC Thread#6"                     [id=15876, stack(0x0000004481200000,0x0000004481300000) (1024K)]
  0x000001685e6c5c50 WorkerThread "GC Thread#7"                     [id=17316, stack(0x0000004481500000,0x0000004481600000) (1024K)]
Total: 10

Threads with active compile tasks:
Total: 0

VM state: not at safepoint (normal execution)

VM Mutex/Monitor currently owned by a thread: None

Heap address: 0x0000000080000000, size: 2048 MB, Compressed Oops mode: 32-bit

CDS archive(s) mapped at: [0x0000016817000000-0x0000016817ba0000-0x0000016817ba0000), size 12189696, SharedBaseAddress: 0x0000016817000000, ArchiveRelocationMode: 1.
Compressed class space mapped at: 0x0000016818000000-0x0000016858000000, reserved size: 1073741824
Narrow klass base: 0x0000016817000000, Narrow klass shift: 0, Narrow klass range: 0x100000000

GC Precious Log:
 CardTable entry size: 512
 CPUs: 8 total, 8 available
 Memory: 7926M
 Large Page Support: Disabled
 NUMA Support: Disabled
 Compressed Oops: Enabled (32-bit)
 Alignments: Space 512K, Generation 512K, Heap 2M
 Heap Min Capacity: 100M
 Heap Initial Capacity: 100M
 Heap Max Capacity: 2G
 Pre-touch: Disabled
 Parallel Workers: 8

Heap:
 PSYoungGen      total 4096K, used 1407K [0x00000000d5580000, 0x00000000d5a80000, 0x0000000100000000)
  eden space 3584K, 30% used [0x00000000d5580000,0x00000000d568fca0,0x00000000d5900000)
  from space 512K, 62% used [0x00000000d5a00000,0x00000000d5a50000,0x00000000d5a80000)
  to   space 512K, 0% used [0x00000000d5980000,0x00000000d5980000,0x00000000d5a00000)
 ParOldGen       total 507392K, used 505109K [0x0000000080000000, 0x000000009ef80000, 0x00000000d5580000)
  object space 507392K, 99% used [0x0000000080000000,0x000000009ed456d8,0x000000009ef80000)
 Metaspace       used 74117K, committed 75904K, reserved 1179648K
  class space    used 7787K, committed 8576K, reserved 1048576K

Card table byte_map: [0x0000016812310000,0x0000016812720000] _byte_map_base: 0x0000016811f10000

Marking Bits: (ParMarkBitMap*) 0x00007ff962b4a340
 Begin Bits: [0x00000168129d0000, 0x00000168149d0000)
 End Bits:   [0x00000168149d0000, 0x00000168169d0000)

Polling page: 0x000001687fee0000

Metaspace:

Usage:
  Non-class:     64.78 MB used.
      Class:      7.60 MB used.
       Both:     72.38 MB used.

Virtual space:
  Non-class space:      128.00 MB reserved,      65.75 MB ( 51%) committed,  2 nodes.
      Class space:        1.00 GB reserved,       8.38 MB ( <1%) committed,  1 nodes.
             Both:        1.12 GB reserved,      74.12 MB (  6%) committed. 

Chunk freelists:
   Non-Class:  13.56 MB
       Class:  7.44 MB
        Both:  21.00 MB

MaxMetaspaceSize: unlimited
CompressedClassSpaceSize: 1.00 GB
Initial GC threshold: 21.00 MB
Current GC threshold: 97.31 MB
CDS: on
 - commit_granule_bytes: 65536.
 - commit_granule_words: 8192.
 - virtual_space_node_default_size: 8388608.
 - enlarge_chunks_in_place: 1.
 - use_allocation_guard: 0.


Internal statistics:

num_allocs_failed_limit: 9.
num_arena_births: 1546.
num_arena_deaths: 18.
num_vsnodes_births: 3.
num_vsnodes_deaths: 0.
num_space_committed: 1186.
num_space_uncommitted: 0.
num_chunks_returned_to_freelist: 29.
num_chunks_taken_from_freelist: 5249.
num_chunk_merges: 15.
num_chunk_splits: 3134.
num_chunks_enlarged: 1650.
num_inconsistent_stats: 0.

CodeHeap 'non-profiled nmethods': size=120000Kb used=11541Kb max_used=11541Kb free=108458Kb
 bounds [0x000001680ac00000, 0x000001680b750000, 0x0000016812130000]
CodeHeap 'profiled nmethods': size=120000Kb used=32182Kb max_used=32182Kb free=87817Kb
 bounds [0x0000016803130000, 0x00000168050a0000, 0x000001680a660000]
CodeHeap 'non-nmethods': size=5760Kb used=1490Kb max_used=1577Kb free=4269Kb
 bounds [0x000001680a660000, 0x000001680a8d0000, 0x000001680ac00000]
CodeCache: size=245760Kb, used=45213Kb, max_used=45300Kb, free=200544Kb
 total_blobs=14456, nmethods=13656, adapters=705, full_count=0
Compilation: enabled, stopped_count=0, restarted_count=0

Compilation events (20 events):
Event: 549.038 Thread 0x0000016816fbe380 14365       4       java.time.Instant::create (49 bytes)
Event: 549.039 Thread 0x0000016816fbe380 nmethod 14365 0x000001680b744f90 code [0x000001680b745120, 0x000001680b7452a0]
Event: 549.049 Thread 0x0000016816fc2c20 14373       3       java.util.AbstractList$SubList::iterator (5 bytes)
Event: 549.050 Thread 0x0000016816fc2c20 nmethod 14373 0x0000016805093d10 code [0x0000016805093f20, 0x00000168050945e0]
Event: 549.050 Thread 0x0000016816fc2c20 14374       3       java.util.AbstractList$SubList::listIterator (19 bytes)
Event: 549.050 Thread 0x0000016816fc2c20 nmethod 14374 0x0000016805094890 code [0x0000016805094aa0, 0x0000016805094fb0]
Event: 549.053 Thread 0x0000016816fc2c20 14375   !   3       org.eclipse.core.internal.localstore.UnifiedTree::addChildren (479 bytes)
Event: 549.055 Thread 0x0000016816fc2c20 nmethod 14375 0x0000016805095210 code [0x0000016805095860, 0x00000168050997c0]
Event: 549.056 Thread 0x0000016816fc2c20 14376       3       java.lang.Boolean::hashCode (8 bytes)
Event: 549.057 Thread 0x0000016816fc2c20 nmethod 14376 0x000001680509af10 code [0x000001680509b0c0, 0x000001680509b2a0]
Event: 549.057 Thread 0x0000016816fc2c20 14377       3       java.lang.Boolean::hashCode (14 bytes)
Event: 549.057 Thread 0x0000016816fc2c20 nmethod 14377 0x000001680509b390 code [0x000001680509b540, 0x000001680509b6a0]
Event: 549.057 Thread 0x0000016816fc2c20 14378       3       org.eclipse.core.internal.jobs.JobQueue::enqueue (83 bytes)
Event: 549.057 Thread 0x0000016816fc2c20 nmethod 14378 0x000001680509b710 code [0x000001680509b960, 0x000001680509c200]
Event: 549.057 Thread 0x0000016816fc2c20 14379       3       java.math.BigInteger::<init> (77 bytes)
Event: 549.057 Thread 0x0000016816fc2c20 nmethod 14379 0x000001680509c590 code [0x000001680509c740, 0x000001680509cb40]
Event: 549.059 Thread 0x0000016816fc2c20 14380       1       org.eclipse.core.internal.content.ContentType::getCatalog (5 bytes)
Event: 549.059 Thread 0x0000016816fc2c20 nmethod 14380 0x000001680b745390 code [0x000001680b745520, 0x000001680b7455e8]
Event: 549.059 Thread 0x0000016816fc2c20 14381       3       java.lang.StringUTF16::newBytesFor (61 bytes)
Event: 549.059 Thread 0x0000016816fc2c20 nmethod 14381 0x000001680509cc90 code [0x000001680509cf00, 0x000001680509d790]

GC Heap History (20 events):
Event: 542.323 GC heap before
{Heap before GC invocations=368 (full 3):
 PSYoungGen      total 4096K, used 3744K [0x00000000d5580000, 0x00000000d5a80000, 0x0000000100000000)
  eden space 3584K, 100% used [0x00000000d5580000,0x00000000d5900000,0x00000000d5900000)
  from space 512K, 31% used [0x00000000d5a00000,0x00000000d5a28000,0x00000000d5a80000)
  to   space 512K, 0% used [0x00000000d5980000,0x00000000d5980000,0x00000000d5a00000)
 ParOldGen       total 439808K, used 439658K [0x0000000080000000, 0x000000009ad80000, 0x00000000d5580000)
  object space 439808K, 99% used [0x0000000080000000,0x000000009ad5ab80,0x000000009ad80000)
 Metaspace       used 74022K, committed 75776K, reserved 1179648K
  class space    used 7784K, committed 8576K, reserved 1048576K
}
Event: 542.325 GC heap after
{Heap after GC invocations=368 (full 3):
 PSYoungGen      total 4096K, used 346K [0x00000000d5580000, 0x00000000d5a80000, 0x0000000100000000)
  eden space 3584K, 0% used [0x00000000d5580000,0x00000000d5580000,0x00000000d5900000)
  from space 512K, 67% used [0x00000000d5980000,0x00000000d59d6900,0x00000000d5a00000)
  to   space 512K, 0% used [0x00000000d5a00000,0x00000000d5a00000,0x00000000d5a80000)
 ParOldGen       total 439808K, used 439690K [0x0000000080000000, 0x000000009ad80000, 0x00000000d5580000)
  object space 439808K, 99% used [0x0000000080000000,0x000000009ad62b80,0x000000009ad80000)
 Metaspace       used 74022K, committed 75776K, reserved 1179648K
  class space    used 7784K, committed 8576K, reserved 1048576K
}
Event: 542.359 GC heap before
{Heap before GC invocations=369 (full 3):
 PSYoungGen      total 4096K, used 3930K [0x00000000d5580000, 0x00000000d5a80000, 0x0000000100000000)
  eden space 3584K, 100% used [0x00000000d5580000,0x00000000d5900000,0x00000000d5900000)
  from space 512K, 67% used [0x00000000d5980000,0x00000000d59d6900,0x00000000d5a00000)
  to   space 512K, 0% used [0x00000000d5a00000,0x00000000d5a00000,0x00000000d5a80000)
 ParOldGen       total 439808K, used 439690K [0x0000000080000000, 0x000000009ad80000, 0x00000000d5580000)
  object space 439808K, 99% used [0x0000000080000000,0x000000009ad62b80,0x000000009ad80000)
 Metaspace       used 74034K, committed 75776K, reserved 1179648K
  class space    used 7786K, committed 8576K, reserved 1048576K
}
Event: 542.361 GC heap after
{Heap after GC invocations=369 (full 3):
 PSYoungGen      total 4096K, used 346K [0x00000000d5580000, 0x00000000d5a80000, 0x0000000100000000)
  eden space 3584K, 0% used [0x00000000d5580000,0x00000000d5580000,0x00000000d5900000)
  from space 512K, 67% used [0x00000000d5a00000,0x00000000d5a56900,0x00000000d5a80000)
  to   space 512K, 0% used [0x00000000d5980000,0x00000000d5980000,0x00000000d5a00000)
 ParOldGen       total 439808K, used 439738K [0x0000000080000000, 0x000000009ad80000, 0x00000000d5580000)
  object space 439808K, 99% used [0x0000000080000000,0x000000009ad6eb80,0x000000009ad80000)
 Metaspace       used 74034K, committed 75776K, reserved 1179648K
  class space    used 7786K, committed 8576K, reserved 1048576K
}
Event: 542.434 GC heap before
{Heap before GC invocations=370 (full 3):
 PSYoungGen      total 4096K, used 3930K [0x00000000d5580000, 0x00000000d5a80000, 0x0000000100000000)
  eden space 3584K, 100% used [0x00000000d5580000,0x00000000d5900000,0x00000000d5900000)
  from space 512K, 67% used [0x00000000d5a00000,0x00000000d5a56900,0x00000000d5a80000)
  to   space 512K, 0% used [0x00000000d5980000,0x00000000d5980000,0x00000000d5a00000)
 ParOldGen       total 439808K, used 439738K [0x0000000080000000, 0x000000009ad80000, 0x00000000d5580000)
  object space 439808K, 99% used [0x0000000080000000,0x000000009ad6eb80,0x000000009ad80000)
 Metaspace       used 74042K, committed 75776K, reserved 1179648K
  class space    used 7786K, committed 8576K, reserved 1048576K
}
Event: 542.436 GC heap after
{Heap after GC invocations=370 (full 3):
 PSYoungGen      total 4096K, used 496K [0x00000000d5580000, 0x00000000d5b00000, 0x0000000100000000)
  eden space 3584K, 0% used [0x00000000d5580000,0x00000000d5580000,0x00000000d5900000)
  from space 512K, 96% used [0x00000000d5980000,0x00000000d59fc1d0,0x00000000d5a00000)
  to   space 1024K, 0% used [0x00000000d5a00000,0x00000000d5a00000,0x00000000d5b00000)
 ParOldGen       total 439808K, used 439794K [0x0000000080000000, 0x000000009ad80000, 0x00000000d5580000)
  object space 439808K, 99% used [0x0000000080000000,0x000000009ad7cb80,0x000000009ad80000)
 Metaspace       used 74042K, committed 75776K, reserved 1179648K
  class space    used 7786K, committed 8576K, reserved 1048576K
}
Event: 542.454 GC heap before
{Heap before GC invocations=371 (full 3):
 PSYoungGen      total 4096K, used 3428K [0x00000000d5580000, 0x00000000d5b00000, 0x0000000100000000)
  eden space 3584K, 81% used [0x00000000d5580000,0x00000000d585d190,0x00000000d5900000)
  from space 512K, 96% used [0x00000000d5980000,0x00000000d59fc1d0,0x00000000d5a00000)
  to   space 1024K, 0% used [0x00000000d5a00000,0x00000000d5a00000,0x00000000d5b00000)
 ParOldGen       total 439808K, used 439794K [0x0000000080000000, 0x000000009ad80000, 0x00000000d5580000)
  object space 439808K, 99% used [0x0000000080000000,0x000000009ad7cb80,0x000000009ad80000)
 Metaspace       used 74045K, committed 75776K, reserved 1179648K
  class space    used 7786K, committed 8576K, reserved 1048576K
}
Event: 542.456 GC heap after
{Heap after GC invocations=371 (full 3):
 PSYoungGen      total 4096K, used 192K [0x00000000d5580000, 0x00000000d5a80000, 0x0000000100000000)
  eden space 3584K, 0% used [0x00000000d5580000,0x00000000d5580000,0x00000000d5900000)
  from space 512K, 37% used [0x00000000d5a00000,0x00000000d5a30000,0x00000000d5a80000)
  to   space 512K, 0% used [0x00000000d5980000,0x00000000d5980000,0x00000000d5a00000)
 ParOldGen       total 440320K, used 439973K [0x0000000080000000, 0x000000009ae00000, 0x00000000d5580000)
  object space 440320K, 99% used [0x0000000080000000,0x000000009ada9758,0x000000009ae00000)
 Metaspace       used 74045K, committed 75776K, reserved 1179648K
  class space    used 7786K, committed 8576K, reserved 1048576K
}
Event: 542.465 GC heap before
{Heap before GC invocations=372 (full 3):
 PSYoungGen      total 4096K, used 3715K [0x00000000d5580000, 0x00000000d5a80000, 0x0000000100000000)
  eden space 3584K, 98% used [0x00000000d5580000,0x00000000d58f0d10,0x00000000d5900000)
  from space 512K, 37% used [0x00000000d5a00000,0x00000000d5a30000,0x00000000d5a80000)
  to   space 512K, 0% used [0x00000000d5980000,0x00000000d5980000,0x00000000d5a00000)
 ParOldGen       total 440320K, used 439973K [0x0000000080000000, 0x000000009ae00000, 0x00000000d5580000)
  object space 440320K, 99% used [0x0000000080000000,0x000000009ada9758,0x000000009ae00000)
 Metaspace       used 74045K, committed 75776K, reserved 1179648K
  class space    used 7786K, committed 8576K, reserved 1048576K
}
Event: 542.467 GC heap after
{Heap after GC invocations=372 (full 3):
 PSYoungGen      total 4096K, used 160K [0x00000000d5580000, 0x00000000d5a80000, 0x0000000100000000)
  eden space 3584K, 0% used [0x00000000d5580000,0x00000000d5580000,0x00000000d5900000)
  from space 512K, 31% used [0x00000000d5980000,0x00000000d59a8000,0x00000000d5a00000)
  to   space 512K, 0% used [0x00000000d5a00000,0x00000000d5a00000,0x00000000d5a80000)
 ParOldGen       total 443392K, used 443037K [0x0000000080000000, 0x000000009b100000, 0x00000000d5580000)
  object space 443392K, 99% used [0x0000000080000000,0x000000009b0a7678,0x000000009b100000)
 Metaspace       used 74045K, committed 75776K, reserved 1179648K
  class space    used 7786K, committed 8576K, reserved 1048576K
}
Event: 542.473 GC heap before
{Heap before GC invocations=373 (full 3):
 PSYoungGen      total 4096K, used 2798K [0x00000000d5580000, 0x00000000d5a80000, 0x0000000100000000)
  eden space 3584K, 73% used [0x00000000d5580000,0x00000000d5813bf0,0x00000000d5900000)
  from space 512K, 31% used [0x00000000d5980000,0x00000000d59a8000,0x00000000d5a00000)
  to   space 512K, 0% used [0x00000000d5a00000,0x00000000d5a00000,0x00000000d5a80000)
 ParOldGen       total 443392K, used 443037K [0x0000000080000000, 0x000000009b100000, 0x00000000d5580000)
  object space 443392K, 99% used [0x0000000080000000,0x000000009b0a7678,0x000000009b100000)
 Metaspace       used 74045K, committed 75776K, reserved 1179648K
  class space    used 7786K, committed 8576K, reserved 1048576K
}
Event: 542.475 GC heap after
{Heap after GC invocations=373 (full 3):
 PSYoungGen      total 4096K, used 160K [0x00000000d5580000, 0x00000000d5a80000, 0x0000000100000000)
  eden space 3584K, 0% used [0x00000000d5580000,0x00000000d5580000,0x00000000d5900000)
  from space 512K, 31% used [0x00000000d5a00000,0x00000000d5a28000,0x00000000d5a80000)
  to   space 512K, 0% used [0x00000000d5980000,0x00000000d5980000,0x00000000d5a00000)
 ParOldGen       total 443392K, used 443069K [0x0000000080000000, 0x000000009b100000, 0x00000000d5580000)
  object space 443392K, 99% used [0x0000000080000000,0x000000009b0af678,0x000000009b100000)
 Metaspace       used 74045K, committed 75776K, reserved 1179648K
  class space    used 7786K, committed 8576K, reserved 1048576K
}
Event: 542.485 GC heap before
{Heap before GC invocations=374 (full 3):
 PSYoungGen      total 4096K, used 3744K [0x00000000d5580000, 0x00000000d5a80000, 0x0000000100000000)
  eden space 3584K, 100% used [0x00000000d5580000,0x00000000d5900000,0x00000000d5900000)
  from space 512K, 31% used [0x00000000d5a00000,0x00000000d5a28000,0x00000000d5a80000)
  to   space 512K, 0% used [0x00000000d5980000,0x00000000d5980000,0x00000000d5a00000)
 ParOldGen       total 443392K, used 443069K [0x0000000080000000, 0x000000009b100000, 0x00000000d5580000)
  object space 443392K, 99% used [0x0000000080000000,0x000000009b0af678,0x000000009b100000)
 Metaspace       used 74046K, committed 75776K, reserved 1179648K
  class space    used 7786K, committed 8576K, reserved 1048576K
}
Event: 542.486 GC heap after
{Heap after GC invocations=374 (full 3):
 PSYoungGen      total 4096K, used 384K [0x00000000d5580000, 0x00000000d5a80000, 0x0000000100000000)
  eden space 3584K, 0% used [0x00000000d5580000,0x00000000d5580000,0x00000000d5900000)
  from space 512K, 75% used [0x00000000d5980000,0x00000000d59e0000,0x00000000d5a00000)
  to   space 512K, 0% used [0x00000000d5a00000,0x00000000d5a00000,0x00000000d5a80000)
 ParOldGen       total 443392K, used 443101K [0x0000000080000000, 0x000000009b100000, 0x00000000d5580000)
  object space 443392K, 99% used [0x0000000080000000,0x000000009b0b7678,0x000000009b100000)
 Metaspace       used 74046K, committed 75776K, reserved 1179648K
  class space    used 7786K, committed 8576K, reserved 1048576K
}
Event: 542.518 GC heap before
{Heap before GC invocations=375 (full 3):
 PSYoungGen      total 4096K, used 3968K [0x00000000d5580000, 0x00000000d5a80000, 0x0000000100000000)
  eden space 3584K, 100% used [0x00000000d5580000,0x00000000d5900000,0x00000000d5900000)
  from space 512K, 75% used [0x00000000d5980000,0x00000000d59e0000,0x00000000d5a00000)
  to   space 512K, 0% used [0x00000000d5a00000,0x00000000d5a00000,0x00000000d5a80000)
 ParOldGen       total 443392K, used 443101K [0x0000000080000000, 0x000000009b100000, 0x00000000d5580000)
  object space 443392K, 99% used [0x0000000080000000,0x000000009b0b7678,0x000000009b100000)
 Metaspace       used 74060K, committed 75840K, reserved 1179648K
  class space    used 7786K, committed 8576K, reserved 1048576K
}
Event: 542.520 GC heap after
{Heap after GC invocations=375 (full 3):
 PSYoungGen      total 4096K, used 288K [0x00000000d5580000, 0x00000000d5a80000, 0x0000000100000000)
  eden space 3584K, 0% used [0x00000000d5580000,0x00000000d5580000,0x00000000d5900000)
  from space 512K, 56% used [0x00000000d5a00000,0x00000000d5a48000,0x00000000d5a80000)
  to   space 512K, 0% used [0x00000000d5980000,0x00000000d5980000,0x00000000d5a00000)
 ParOldGen       total 443904K, used 443437K [0x0000000080000000, 0x000000009b180000, 0x00000000d5580000)
  object space 443904K, 99% used [0x0000000080000000,0x000000009b10b678,0x000000009b180000)
 Metaspace       used 74060K, committed 75840K, reserved 1179648K
  class space    used 7786K, committed 8576K, reserved 1048576K
}
Event: 545.800 GC heap before
{Heap before GC invocations=376 (full 3):
 PSYoungGen      total 4096K, used 3870K [0x00000000d5580000, 0x00000000d5a80000, 0x0000000100000000)
  eden space 3584K, 99% used [0x00000000d5580000,0x00000000d58ffb88,0x00000000d5900000)
  from space 512K, 56% used [0x00000000d5a00000,0x00000000d5a48000,0x00000000d5a80000)
  to   space 512K, 0% used [0x00000000d5980000,0x00000000d5980000,0x00000000d5a00000)
 ParOldGen       total 475648K, used 474157K [0x0000000080000000, 0x000000009d080000, 0x00000000d5580000)
  object space 475648K, 99% used [0x0000000080000000,0x000000009cf0b6a8,0x000000009d080000)
 Metaspace       used 74087K, committed 75840K, reserved 1179648K
  class space    used 7787K, committed 8576K, reserved 1048576K
}
Event: 545.802 GC heap after
{Heap after GC invocations=376 (full 3):
 PSYoungGen      total 4096K, used 320K [0x00000000d5580000, 0x00000000d5a80000, 0x0000000100000000)
  eden space 3584K, 0% used [0x00000000d5580000,0x00000000d5580000,0x00000000d5900000)
  from space 512K, 62% used [0x00000000d5980000,0x00000000d59d0000,0x00000000d5a00000)
  to   space 512K, 0% used [0x00000000d5a00000,0x00000000d5a00000,0x00000000d5a80000)
 ParOldGen       total 475648K, used 474341K [0x0000000080000000, 0x000000009d080000, 0x00000000d5580000)
  object space 475648K, 99% used [0x0000000080000000,0x000000009cf396a8,0x000000009d080000)
 Metaspace       used 74087K, committed 75840K, reserved 1179648K
  class space    used 7787K, committed 8576K, reserved 1048576K
}
Event: 549.030 GC heap before
{Heap before GC invocations=377 (full 3):
 PSYoungGen      total 4096K, used 3904K [0x00000000d5580000, 0x00000000d5a80000, 0x0000000100000000)
  eden space 3584K, 100% used [0x00000000d5580000,0x00000000d5900000,0x00000000d5900000)
  from space 512K, 62% used [0x00000000d5980000,0x00000000d59d0000,0x00000000d5a00000)
  to   space 512K, 0% used [0x00000000d5a00000,0x00000000d5a00000,0x00000000d5a80000)
 ParOldGen       total 507392K, used 505061K [0x0000000080000000, 0x000000009ef80000, 0x00000000d5580000)
  object space 507392K, 99% used [0x0000000080000000,0x000000009ed396d8,0x000000009ef80000)
 Metaspace       used 74113K, committed 75904K, reserved 1179648K
  class space    used 7787K, committed 8576K, reserved 1048576K
}
Event: 549.033 GC heap after
{Heap after GC invocations=377 (full 3):
 PSYoungGen      total 4096K, used 320K [0x00000000d5580000, 0x00000000d5a80000, 0x0000000100000000)
  eden space 3584K, 0% used [0x00000000d5580000,0x00000000d5580000,0x00000000d5900000)
  from space 512K, 62% used [0x00000000d5a00000,0x00000000d5a50000,0x00000000d5a80000)
  to   space 512K, 0% used [0x00000000d5980000,0x00000000d5980000,0x00000000d5a00000)
 ParOldGen       total 507392K, used 505109K [0x0000000080000000, 0x000000009ef80000, 0x00000000d5580000)
  object space 507392K, 99% used [0x0000000080000000,0x000000009ed456d8,0x000000009ef80000)
 Metaspace       used 74113K, committed 75904K, reserved 1179648K
  class space    used 7787K, committed 8576K, reserved 1048576K
}

Dll operation events (10 events):
Event: 0.013 Loaded shared library c:\Users\91990\.vscode\extensions\redhat.java-1.46.0-win32-x64\jre\21.0.8-win32-x86_64\bin\java.dll
Event: 0.087 Loaded shared library c:\Users\91990\.vscode\extensions\redhat.java-1.46.0-win32-x64\jre\21.0.8-win32-x86_64\bin\zip.dll
Event: 0.110 Loaded shared library C:\Users\91990\.vscode\extensions\redhat.java-1.46.0-win32-x64\jre\21.0.8-win32-x86_64\bin\instrument.dll
Event: 0.116 Loaded shared library C:\Users\91990\.vscode\extensions\redhat.java-1.46.0-win32-x64\jre\21.0.8-win32-x86_64\bin\net.dll
Event: 0.118 Loaded shared library C:\Users\91990\.vscode\extensions\redhat.java-1.46.0-win32-x64\jre\21.0.8-win32-x86_64\bin\nio.dll
Event: 0.121 Loaded shared library C:\Users\91990\.vscode\extensions\redhat.java-1.46.0-win32-x64\jre\21.0.8-win32-x86_64\bin\zip.dll
Event: 0.136 Loaded shared library C:\Users\91990\.vscode\extensions\redhat.java-1.46.0-win32-x64\jre\21.0.8-win32-x86_64\bin\jimage.dll
Event: 0.214 Loaded shared library c:\Users\91990\.vscode\extensions\redhat.java-1.46.0-win32-x64\jre\21.0.8-win32-x86_64\bin\verify.dll
Event: 1.937 Loaded shared library C:\Users\91990\AppData\Roaming\Code\User\globalStorage\redhat.java\1.46.0\config_win\org.eclipse.equinox.launcher\org.eclipse.equinox.launcher.win32.win32.x86_64_1.2.1400.v20250801-0854\eclipse_11916.dll
Event: 4.698 Loaded shared library C:\Users\91990\AppData\Local\Temp\jna-54157048\jna14711719095094078264.dll

Deoptimization events (20 events):
Event: 542.484 Thread 0x0000016863449e70 Uncommon trap: trap_request=0xffffff6e fr.pc=0x000001680b3a72fc relative=0x000000000000015c
Event: 542.484 Thread 0x0000016863449e70 Uncommon trap: reason=loop_limit_check action=maybe_recompile pc=0x000001680b3a72fc method=org.eclipse.jdt.internal.compiler.lookup.ReferenceBinding.compare([C[CII)I @ 46 c2
Event: 542.484 Thread 0x0000016863449e70 DEOPT PACKING pc=0x000001680b3a72fc sp=0x00000044831fd670
Event: 542.484 Thread 0x0000016863449e70 DEOPT UNPACKING pc=0x000001680a6b6da2 sp=0x00000044831fd5e0 mode 2
Event: 542.485 Thread 0x0000016863449e70 Uncommon trap: trap_request=0xffffffde fr.pc=0x000001680b695968 relative=0x0000000000005408
Event: 542.485 Thread 0x0000016863449e70 Uncommon trap: reason=class_check action=maybe_recompile pc=0x000001680b695968 method=org.eclipse.jdt.internal.compiler.lookup.TypeSystem.getParameterizedType(Lorg/eclipse/jdt/internal/compiler/lookup/ReferenceBinding;[Lorg/eclipse/jdt/internal/compiler/l
Event: 542.485 Thread 0x0000016863449e70 DEOPT PACKING pc=0x000001680b695968 sp=0x00000044831fdc80
Event: 542.485 Thread 0x0000016863449e70 DEOPT UNPACKING pc=0x000001680a6b6da2 sp=0x00000044831fdc90 mode 2
Event: 542.485 Thread 0x0000016863449e70 Uncommon trap: trap_request=0xffffffde fr.pc=0x000001680b64e738 relative=0x0000000000001bf8
Event: 542.485 Thread 0x0000016863449e70 Uncommon trap: reason=class_check action=maybe_recompile pc=0x000001680b64e738 method=org.eclipse.jdt.internal.compiler.lookup.TypeSystem$HashedParameterizedTypes.get(Lorg/eclipse/jdt/internal/compiler/lookup/ReferenceBinding;[Lorg/eclipse/jdt/internal/co
Event: 542.485 Thread 0x0000016863449e70 DEOPT PACKING pc=0x000001680b64e738 sp=0x00000044831fdbf0
Event: 542.485 Thread 0x0000016863449e70 DEOPT UNPACKING pc=0x000001680a6b6da2 sp=0x00000044831fdbb0 mode 2
Event: 542.487 Thread 0x0000016863449e70 Uncommon trap: trap_request=0xffffff45 fr.pc=0x000001680b6be028 relative=0x0000000000001ea8
Event: 542.487 Thread 0x0000016863449e70 Uncommon trap: reason=unstable_if action=reinterpret pc=0x000001680b6be028 method=org.eclipse.jdt.internal.compiler.lookup.TypeSystem.getUnannotatedType(Lorg/eclipse/jdt/internal/compiler/lookup/TypeBinding;)Lorg/eclipse/jdt/internal/compiler/lookup/TypeB
Event: 542.487 Thread 0x0000016863449e70 DEOPT PACKING pc=0x000001680b6be028 sp=0x00000044831fd230
Event: 542.487 Thread 0x0000016863449e70 DEOPT UNPACKING pc=0x000001680a6b6da2 sp=0x00000044831fd030 mode 2
Event: 542.507 Thread 0x0000016863449e70 Uncommon trap: trap_request=0xffffff45 fr.pc=0x000001680b3244cc relative=0x000000000000054c
Event: 542.507 Thread 0x0000016863449e70 Uncommon trap: reason=unstable_if action=reinterpret pc=0x000001680b3244cc method=org.eclipse.jdt.internal.compiler.lookup.TypeSystem.getUnannotatedType(Lorg/eclipse/jdt/internal/compiler/lookup/TypeBinding;)Lorg/eclipse/jdt/internal/compiler/lookup/TypeB
Event: 542.507 Thread 0x0000016863449e70 DEOPT PACKING pc=0x000001680b3244cc sp=0x00000044831fcfd0
Event: 542.507 Thread 0x0000016863449e70 DEOPT UNPACKING pc=0x000001680a6b6da2 sp=0x00000044831fcf58 mode 2

Classes loaded (20 events):
Event: 177.876 Loading class java/util/concurrent/ArrayBlockingQueue
Event: 177.877 Loading class java/util/concurrent/ArrayBlockingQueue done
Event: 178.020 Loading class sun/nio/ch/ChannelOutputStream
Event: 178.020 Loading class sun/nio/ch/ChannelOutputStream done
Event: 322.188 Loading class java/util/stream/Nodes$CollectorTask$OfRef
Event: 322.195 Loading class java/util/stream/Nodes$CollectorTask
Event: 322.203 Loading class java/util/stream/Nodes$CollectorTask done
Event: 322.203 Loading class java/util/stream/Nodes$CollectorTask$OfRef done
Event: 322.279 Loading class java/util/function/LongFunction
Event: 322.281 Loading class java/util/function/LongFunction done
Event: 322.285 Loading class java/util/stream/Nodes$ConcNode
Event: 322.287 Loading class java/util/stream/Nodes$AbstractConcNode
Event: 322.290 Loading class java/util/stream/Nodes$AbstractConcNode done
Event: 322.290 Loading class java/util/stream/Nodes$ConcNode done
Event: 322.386 Loading class java/io/ObjectOutputStream$BlockDataOutputStream
Event: 322.389 Loading class java/io/ObjectOutputStream$BlockDataOutputStream done
Event: 322.389 Loading class java/io/ObjectOutputStream$HandleTable
Event: 322.391 Loading class java/io/ObjectOutputStream$HandleTable done
Event: 322.391 Loading class java/io/ObjectOutputStream$ReplaceTable
Event: 322.392 Loading class java/io/ObjectOutputStream$ReplaceTable done

Classes unloaded (9 events):
Event: 5.553 Thread 0x0000016816f92d40 Unloading class 0x00000168181a8c00 'java/lang/invoke/LambdaForm$MH+0x00000168181a8c00'
Event: 5.553 Thread 0x0000016816f92d40 Unloading class 0x00000168181a8800 'java/lang/invoke/LambdaForm$MH+0x00000168181a8800'
Event: 5.553 Thread 0x0000016816f92d40 Unloading class 0x00000168181a8400 'java/lang/invoke/LambdaForm$MH+0x00000168181a8400'
Event: 5.553 Thread 0x0000016816f92d40 Unloading class 0x00000168181a8000 'java/lang/invoke/LambdaForm$MH+0x00000168181a8000'
Event: 5.553 Thread 0x0000016816f92d40 Unloading class 0x00000168181a7c00 'java/lang/invoke/LambdaForm$BMH+0x00000168181a7c00'
Event: 5.553 Thread 0x0000016816f92d40 Unloading class 0x00000168181a7800 'java/lang/invoke/LambdaForm$DMH+0x00000168181a7800'
Event: 5.553 Thread 0x0000016816f92d40 Unloading class 0x00000168181a6400 'java/lang/invoke/LambdaForm$DMH+0x00000168181a6400'
Event: 18.974 Thread 0x0000016816f92d40 Unloading class 0x000001681862c000 'java/lang/invoke/LambdaForm$MH+0x000001681862c000'
Event: 18.974 Thread 0x0000016816f92d40 Unloading class 0x000001681861c800 'java/lang/invoke/LambdaForm$MH+0x000001681861c800'

Classes redefined (0 events):
No events

Internal exceptions (20 events):
Event: 508.951 Thread 0x000001685fb4d700 Implicit null exception at 0x000001680b4e4146 to 0x000001680b4e41b4
Event: 524.572 Thread 0x0000016863449e70 Exception <a 'java/lang/NoSuchMethodError'{0x00000000d57ed4d0}: 'java.lang.Object java.lang.invoke.DirectMethodHandle$Holder.invokeStatic(java.lang.Object, int, java.lang.Object)'> (0x00000000d57ed4d0) 
thrown [s\src\hotspot\share\interpreter\linkResolver.cpp, line 773]
Event: 525.935 Thread 0x000001685ee1e470 Exception <a 'sun/nio/fs/WindowsException'{0x00000000d569ac60}> (0x00000000d569ac60) 
thrown [s\src\hotspot\share\prims\jni.cpp, line 520]
Event: 526.182 Thread 0x000001685ee1e470 Exception <a 'sun/nio/fs/WindowsException'{0x00000000d56653a0}> (0x00000000d56653a0) 
thrown [s\src\hotspot\share\prims\jni.cpp, line 520]
Event: 541.929 Thread 0x0000016863449e70 Exception <a 'sun/nio/fs/WindowsException'{0x00000000d57f20e8}> (0x00000000d57f20e8) 
thrown [s\src\hotspot\share\prims\jni.cpp, line 520]
Event: 541.929 Thread 0x0000016863449e70 Exception <a 'sun/nio/fs/WindowsException'{0x00000000d57f29c8}> (0x00000000d57f29c8) 
thrown [s\src\hotspot\share\prims\jni.cpp, line 520]
Event: 542.057 Thread 0x0000016863449e70 Exception <a 'sun/nio/fs/WindowsException'{0x00000000d58437e0}> (0x00000000d58437e0) 
thrown [s\src\hotspot\share\prims\jni.cpp, line 520]
Event: 542.057 Thread 0x0000016863449e70 Exception <a 'sun/nio/fs/WindowsException'{0x00000000d58440c0}> (0x00000000d58440c0) 
thrown [s\src\hotspot\share\prims\jni.cpp, line 520]
Event: 542.168 Thread 0x0000016863449e70 Exception <a 'sun/nio/fs/WindowsException'{0x00000000d575a038}> (0x00000000d575a038) 
thrown [s\src\hotspot\share\prims\jni.cpp, line 520]
Event: 542.168 Thread 0x0000016863449e70 Exception <a 'sun/nio/fs/WindowsException'{0x00000000d575a918}> (0x00000000d575a918) 
thrown [s\src\hotspot\share\prims\jni.cpp, line 520]
Event: 542.200 Thread 0x0000016863449e70 Exception <a 'sun/nio/fs/WindowsException'{0x00000000d581f1d0}> (0x00000000d581f1d0) 
thrown [s\src\hotspot\share\prims\jni.cpp, line 520]
Event: 542.201 Thread 0x0000016863449e70 Exception <a 'sun/nio/fs/WindowsException'{0x00000000d581fab0}> (0x00000000d581fab0) 
thrown [s\src\hotspot\share\prims\jni.cpp, line 520]
Event: 542.286 Thread 0x0000016863449e70 Exception <a 'sun/nio/fs/WindowsException'{0x00000000d58e8b50}> (0x00000000d58e8b50) 
thrown [s\src\hotspot\share\prims\jni.cpp, line 520]
Event: 542.286 Thread 0x0000016863449e70 Exception <a 'sun/nio/fs/WindowsException'{0x00000000d58e9430}> (0x00000000d58e9430) 
thrown [s\src\hotspot\share\prims\jni.cpp, line 520]
Event: 542.327 Thread 0x0000016863449e70 Exception <a 'sun/nio/fs/WindowsException'{0x00000000d55a4690}> (0x00000000d55a4690) 
thrown [s\src\hotspot\share\prims\jni.cpp, line 520]
Event: 542.327 Thread 0x0000016863449e70 Exception <a 'sun/nio/fs/WindowsException'{0x00000000d55a4f70}> (0x00000000d55a4f70) 
thrown [s\src\hotspot\share\prims\jni.cpp, line 520]
Event: 542.367 Thread 0x0000016863449e70 Exception <a 'sun/nio/fs/WindowsException'{0x00000000d55fb5c0}> (0x00000000d55fb5c0) 
thrown [s\src\hotspot\share\prims\jni.cpp, line 520]
Event: 542.367 Thread 0x0000016863449e70 Exception <a 'sun/nio/fs/WindowsException'{0x00000000d55fbea0}> (0x00000000d55fbea0) 
thrown [s\src\hotspot\share\prims\jni.cpp, line 520]
Event: 542.516 Thread 0x0000016863449e70 Exception <a 'sun/nio/fs/WindowsException'{0x00000000d58fa520}> (0x00000000d58fa520) 
thrown [s\src\hotspot\share\prims\jni.cpp, line 520]
Event: 542.517 Thread 0x0000016863449e70 Exception <a 'sun/nio/fs/WindowsException'{0x00000000d58fae00}> (0x00000000d58fae00) 
thrown [s\src\hotspot\share\prims\jni.cpp, line 520]

ZGC Phase Switch (0 events):
No events

VM Operations (20 events):
Event: 542.434 Executing VM operation: ParallelGCFailedAllocation (Allocation Failure)
Event: 542.436 Executing VM operation: ParallelGCFailedAllocation (Allocation Failure) done
Event: 542.454 Executing VM operation: ParallelGCFailedAllocation (Allocation Failure)
Event: 542.456 Executing VM operation: ParallelGCFailedAllocation (Allocation Failure) done
Event: 542.464 Executing VM operation: ParallelGCFailedAllocation (Allocation Failure)
Event: 542.467 Executing VM operation: ParallelGCFailedAllocation (Allocation Failure) done
Event: 542.473 Executing VM operation: ParallelGCFailedAllocation (Allocation Failure)
Event: 542.475 Executing VM operation: ParallelGCFailedAllocation (Allocation Failure) done
Event: 542.485 Executing VM operation: ParallelGCFailedAllocation (Allocation Failure)
Event: 542.486 Executing VM operation: ParallelGCFailedAllocation (Allocation Failure) done
Event: 542.518 Executing VM operation: ParallelGCFailedAllocation (Allocation Failure)
Event: 542.520 Executing VM operation: ParallelGCFailedAllocation (Allocation Failure) done
Event: 545.800 Executing VM operation: ParallelGCFailedAllocation (Allocation Failure)
Event: 545.802 Executing VM operation: ParallelGCFailedAllocation (Allocation Failure) done
Event: 546.802 Executing VM operation: Cleanup
Event: 546.803 Executing VM operation: Cleanup done
Event: 549.030 Executing VM operation: ParallelGCFailedAllocation (Allocation Failure)
Event: 549.033 Executing VM operation: ParallelGCFailedAllocation (Allocation Failure) done
Event: 550.044 Executing VM operation: Cleanup
Event: 550.044 Executing VM operation: Cleanup done

Memory protections (0 events):
No events

Nmethod flushes (20 events):
Event: 18.986 Thread 0x0000016816f92d40 flushing  nmethod 0x00000168038bd010
Event: 18.986 Thread 0x0000016816f92d40 flushing  nmethod 0x00000168038bd410
Event: 18.986 Thread 0x0000016816f92d40 flushing  nmethod 0x00000168038be510
Event: 18.986 Thread 0x0000016816f92d40 flushing  nmethod 0x00000168038c6010
Event: 18.986 Thread 0x0000016816f92d40 flushing  nmethod 0x00000168038cef90
Event: 18.986 Thread 0x0000016816f92d40 flushing  nmethod 0x00000168038cf490
Event: 18.986 Thread 0x0000016816f92d40 flushing  nmethod 0x00000168038d1e90
Event: 18.986 Thread 0x0000016816f92d40 flushing  nmethod 0x00000168038d2910
Event: 18.986 Thread 0x0000016816f92d40 flushing  nmethod 0x00000168038d4e10
Event: 18.986 Thread 0x0000016816f92d40 flushing  nmethod 0x00000168038d6090
Event: 18.986 Thread 0x0000016816f92d40 flushing  nmethod 0x00000168038fa990
Event: 18.986 Thread 0x0000016816f92d40 flushing osr nmethod 0x0000016803949210
Event: 18.986 Thread 0x0000016816f92d40 flushing  nmethod 0x000001680396f110
Event: 18.986 Thread 0x0000016816f92d40 flushing  nmethod 0x000001680398b990
Event: 18.986 Thread 0x0000016816f92d40 flushing  nmethod 0x000001680398c310
Event: 18.986 Thread 0x0000016816f92d40 flushing  nmethod 0x00000168039ada90
Event: 18.986 Thread 0x0000016816f92d40 flushing  nmethod 0x00000168039ae410
Event: 18.986 Thread 0x0000016816f92d40 flushing  nmethod 0x00000168039ae890
Event: 18.986 Thread 0x0000016816f92d40 flushing  nmethod 0x00000168039b1590
Event: 18.986 Thread 0x0000016816f92d40 flushing  nmethod 0x00000168039b6510

Events (20 events):
Event: 501.082 Thread 0x00000168612e9f10 Thread exited: 0x00000168612e9f10
Event: 508.606 Thread 0x000001685fb4e420 Thread added: 0x000001685fb4eab0
Event: 508.640 Thread 0x000001685fb50b80 Thread added: 0x000001685fb4f140
Event: 508.739 Thread 0x000001685fb50b80 Thread added: 0x000001685fb4f7d0
Event: 508.871 Thread 0x000001685fb50b80 Thread added: 0x000001685fb4d700
Event: 508.887 Thread 0x000001685fb50b80 Thread added: 0x000001685fb53970
Event: 508.887 Thread 0x000001685fb50b80 Thread added: 0x000001685fb532e0
Event: 509.812 Thread 0x0000016816fc2c20 Thread added: 0x00000168612e9f10
Event: 514.837 Thread 0x00000168612e9f10 Thread exited: 0x00000168612e9f10
Event: 519.272 Thread 0x0000016816fc2c20 Thread added: 0x00000168612e9f10
Event: 520.155 Thread 0x00000168612e9f10 Thread exited: 0x00000168612e9f10
Event: 520.168 Thread 0x0000016816fbe380 Thread added: 0x00000168612e9f10
Event: 521.048 Thread 0x00000168612e9f10 Thread exited: 0x00000168612e9f10
Event: 526.047 Thread 0x000001685fb4eab0 Thread added: 0x000001685fb504f0
Event: 526.097 Thread 0x000001685fb4eab0 Thread added: 0x000001685fb525c0
Event: 541.446 Thread 0x0000016816fc2c20 Thread added: 0x00000168612eb380
Event: 541.531 Thread 0x00000168612eb380 Thread added: 0x00000168612ef7a0
Event: 545.651 Thread 0x00000168612ef7a0 Thread exited: 0x00000168612ef7a0
Event: 545.651 Thread 0x00000168612eb380 Thread exited: 0x00000168612eb380
Event: 545.652 Thread 0x000001685fb4e420 Thread added: 0x000001685fb54690


Dynamic libraries:
0x00007ff7c1b30000 - 0x00007ff7c1b3e000 	c:\Users\91990\.vscode\extensions\redhat.java-1.46.0-win32-x64\jre\21.0.8-win32-x86_64\bin\java.exe
0x00007ffa203c0000 - 0x00007ffa20628000 	C:\WINDOWS\SYSTEM32\ntdll.dll
0x00007ff9f4c20000 - 0x00007ff9f4c40000 	C:\Program Files\Avast Software\Avast\aswhook.dll
0x00007ffa1f2e0000 - 0x00007ffa1f3a9000 	C:\WINDOWS\System32\KERNEL32.DLL
0x00007ffa1da20000 - 0x00007ffa1de12000 	C:\WINDOWS\System32\KERNELBASE.dll
0x00007ffa1d760000 - 0x00007ffa1d8ab000 	C:\WINDOWS\System32\ucrtbase.dll
0x00007ff9f9fd0000 - 0x00007ff9f9fee000 	c:\Users\91990\.vscode\extensions\redhat.java-1.46.0-win32-x64\jre\21.0.8-win32-x86_64\bin\VCRUNTIME140.dll
0x00007ff9f9560000 - 0x00007ff9f9578000 	c:\Users\91990\.vscode\extensions\redhat.java-1.46.0-win32-x64\jre\21.0.8-win32-x86_64\bin\jli.dll
0x00007ffa1f4d0000 - 0x00007ffa1f695000 	C:\WINDOWS\System32\USER32.dll
0x00007ffa1d730000 - 0x00007ffa1d757000 	C:\WINDOWS\System32\win32u.dll
0x00007ff9f1ff0000 - 0x00007ff9f2283000 	C:\WINDOWS\WinSxS\amd64_microsoft.windows.common-controls_6595b64144ccf1df_6.0.26100.6899_none_3e0efeeae32e88c1\COMCTL32.dll
0x00007ffa20320000 - 0x00007ffa2034b000 	C:\WINDOWS\System32\GDI32.dll
0x00007ffa1e270000 - 0x00007ffa1e319000 	C:\WINDOWS\System32\msvcrt.dll
0x00007ffa1de20000 - 0x00007ffa1df4d000 	C:\WINDOWS\System32\gdi32full.dll
0x00007ffa1d550000 - 0x00007ffa1d5f3000 	C:\WINDOWS\System32\msvcp_win.dll
0x00007ffa1e210000 - 0x00007ffa1e23f000 	C:\WINDOWS\System32\IMM32.DLL
0x00007ffa03b10000 - 0x00007ffa03b1c000 	c:\Users\91990\.vscode\extensions\redhat.java-1.46.0-win32-x64\jre\21.0.8-win32-x86_64\bin\vcruntime140_1.dll
0x00007ff9d1480000 - 0x00007ff9d150d000 	c:\Users\91990\.vscode\extensions\redhat.java-1.46.0-win32-x64\jre\21.0.8-win32-x86_64\bin\msvcp140.dll
0x00007ff961e90000 - 0x00007ff962c27000 	c:\Users\91990\.vscode\extensions\redhat.java-1.46.0-win32-x64\jre\21.0.8-win32-x86_64\bin\server\jvm.dll
0x00007ffa1f990000 - 0x00007ffa1fa44000 	C:\WINDOWS\System32\ADVAPI32.dll
0x00007ffa1ebd0000 - 0x00007ffa1ec76000 	C:\WINDOWS\System32\sechost.dll
0x00007ffa1f3b0000 - 0x00007ffa1f4c8000 	C:\WINDOWS\System32\RPCRT4.dll
0x00007ffa1ec80000 - 0x00007ffa1ecf4000 	C:\WINDOWS\System32\WS2_32.dll
0x00007ffa1d3b0000 - 0x00007ffa1d40e000 	C:\WINDOWS\SYSTEM32\POWRPROF.dll
0x00007ffa1ada0000 - 0x00007ffa1add5000 	C:\WINDOWS\SYSTEM32\WINMM.dll
0x00007ffa0e880000 - 0x00007ffa0e88b000 	C:\WINDOWS\SYSTEM32\VERSION.dll
0x00007ffa1d390000 - 0x00007ffa1d3a4000 	C:\WINDOWS\SYSTEM32\UMPDC.dll
0x00007ffa1c320000 - 0x00007ffa1c33b000 	C:\WINDOWS\SYSTEM32\kernel.appcore.dll
0x00007ffa03a00000 - 0x00007ffa03a0a000 	c:\Users\91990\.vscode\extensions\redhat.java-1.46.0-win32-x64\jre\21.0.8-win32-x86_64\bin\jimage.dll
0x00007ffa1aac0000 - 0x00007ffa1ad02000 	C:\WINDOWS\SYSTEM32\DBGHELP.DLL
0x00007ffa1ef00000 - 0x00007ffa1f27b000 	C:\WINDOWS\System32\combase.dll
0x00007ffa1ed10000 - 0x00007ffa1ede7000 	C:\WINDOWS\System32\OLEAUT32.dll
0x00007ffa1ad10000 - 0x00007ffa1ad4c000 	C:\WINDOWS\SYSTEM32\dbgcore.DLL
0x00007ffa1d600000 - 0x00007ffa1d698000 	C:\WINDOWS\System32\bcryptPrimitives.dll
0x00007ff9ffdb0000 - 0x00007ff9ffdbf000 	c:\Users\91990\.vscode\extensions\redhat.java-1.46.0-win32-x64\jre\21.0.8-win32-x86_64\bin\instrument.dll
0x00007ff9f94f0000 - 0x00007ff9f950f000 	c:\Users\91990\.vscode\extensions\redhat.java-1.46.0-win32-x64\jre\21.0.8-win32-x86_64\bin\java.dll
0x00007ffa1e320000 - 0x00007ffa1ea6d000 	C:\WINDOWS\System32\SHELL32.dll
0x00007ffa1d8b0000 - 0x00007ffa1da1b000 	C:\WINDOWS\System32\wintypes.dll
0x00007ffa1b180000 - 0x00007ffa1b9dd000 	C:\WINDOWS\SYSTEM32\windows.storage.dll
0x00007ffa1fae0000 - 0x00007ffa1fbd2000 	C:\WINDOWS\System32\SHCORE.dll
0x00007ffa1fa60000 - 0x00007ffa1fac2000 	C:\WINDOWS\System32\shlwapi.dll
0x00007ffa1d470000 - 0x00007ffa1d499000 	C:\WINDOWS\SYSTEM32\profapi.dll
0x00007ff9f5260000 - 0x00007ff9f5278000 	c:\Users\91990\.vscode\extensions\redhat.java-1.46.0-win32-x64\jre\21.0.8-win32-x86_64\bin\zip.dll
0x00007ff9ffa10000 - 0x00007ff9ffa20000 	C:\Users\91990\.vscode\extensions\redhat.java-1.46.0-win32-x64\jre\21.0.8-win32-x86_64\bin\net.dll
0x00007ffa0fc10000 - 0x00007ffa0fd2f000 	C:\WINDOWS\SYSTEM32\WINHTTP.dll
0x00007ffa1c890000 - 0x00007ffa1c8fb000 	C:\WINDOWS\system32\mswsock.dll
0x00007ff9ec910000 - 0x00007ff9ec926000 	C:\Users\91990\.vscode\extensions\redhat.java-1.46.0-win32-x64\jre\21.0.8-win32-x86_64\bin\nio.dll
0x00007ff9fb4f0000 - 0x00007ff9fb500000 	c:\Users\91990\.vscode\extensions\redhat.java-1.46.0-win32-x64\jre\21.0.8-win32-x86_64\bin\verify.dll
0x00007ff9ea8c0000 - 0x00007ff9ea904000 	C:\Users\91990\AppData\Roaming\Code\User\globalStorage\redhat.java\1.46.0\config_win\org.eclipse.equinox.launcher\org.eclipse.equinox.launcher.win32.win32.x86_64_1.2.1400.v20250801-0854\eclipse_11916.dll
0x00007ffa20180000 - 0x00007ffa20318000 	C:\WINDOWS\System32\ole32.dll
0x00007ffa1cb40000 - 0x00007ffa1cb5b000 	C:\WINDOWS\SYSTEM32\CRYPTSP.dll
0x00007ffa1c280000 - 0x00007ffa1c2bb000 	C:\WINDOWS\system32\rsaenh.dll
0x00007ffa1c930000 - 0x00007ffa1c95b000 	C:\WINDOWS\SYSTEM32\USERENV.dll
0x00007ffa1d440000 - 0x00007ffa1d466000 	C:\WINDOWS\SYSTEM32\bcrypt.dll
0x00007ffa1cb60000 - 0x00007ffa1cb6c000 	C:\WINDOWS\SYSTEM32\CRYPTBASE.dll
0x00007ffa1bdb0000 - 0x00007ffa1bde4000 	C:\WINDOWS\SYSTEM32\IPHLPAPI.DLL
0x00007ffa1fa50000 - 0x00007ffa1fa5a000 	C:\WINDOWS\System32\NSI.dll
0x00007ff9db760000 - 0x00007ff9db7a9000 	C:\Users\91990\AppData\Local\Temp\jna-54157048\jna14711719095094078264.dll
0x00007ffa1fad0000 - 0x00007ffa1fad8000 	C:\WINDOWS\System32\PSAPI.DLL
0x00007ffa15840000 - 0x00007ffa1585e000 	C:\WINDOWS\SYSTEM32\dhcpcsvc6.DLL
0x00007ffa15950000 - 0x00007ffa15973000 	C:\WINDOWS\SYSTEM32\dhcpcsvc.DLL

JVMTI agents:
c:\Users\91990\.vscode\extensions\redhat.java-1.46.0-win32-x64\lombok\lombok-1.18.39-4050.jar path:c:\Users\91990\.vscode\extensions\redhat.java-1.46.0-win32-x64\jre\21.0.8-win32-x86_64\bin\instrument.dll, loaded, initialized, instrumentlib options:none

dbghelp: loaded successfully - version: 4.0.5 - missing functions: none
symbol engine: initialized successfully - sym options: 0x614 - pdb path: .;c:\Users\91990\.vscode\extensions\redhat.java-1.46.0-win32-x64\jre\21.0.8-win32-x86_64\bin;C:\WINDOWS\SYSTEM32;C:\Program Files\Avast Software\Avast;C:\WINDOWS\WinSxS\amd64_microsoft.windows.common-controls_6595b64144ccf1df_6.0.26100.6899_none_3e0efeeae32e88c1;c:\Users\91990\.vscode\extensions\redhat.java-1.46.0-win32-x64\jre\21.0.8-win32-x86_64\bin\server;C:\Users\91990\AppData\Roaming\Code\User\globalStorage\redhat.java\1.46.0\config_win\org.eclipse.equinox.launcher\org.eclipse.equinox.launcher.win32.win32.x86_64_1.2.1400.v20250801-0854;C:\Users\91990\AppData\Local\Temp\jna-54157048

VM Arguments:
jvm_args: --add-modules=ALL-SYSTEM --add-opens=java.base/java.util=ALL-UNNAMED --add-opens=java.base/java.lang=ALL-UNNAMED --add-opens=java.base/sun.nio.fs=ALL-UNNAMED -Declipse.application=org.eclipse.jdt.ls.core.id1 -Dosgi.bundles.defaultStartLevel=4 -Declipse.product=org.eclipse.jdt.ls.core.product -Djava.import.generatesMetadataFilesAtProjectRoot=false -DDetectVMInstallationsJob.disabled=true -Dfile.encoding=utf8 -XX:+UseParallelGC -XX:GCTimeRatio=4 -XX:AdaptiveSizePolicyWeight=90 -Dsun.zip.disableMemoryMapping=true -Xmx2G -Xms100m -Xlog:disable -javaagent:c:\Users\91990\.vscode\extensions\redhat.java-1.46.0-win32-x64\lombok\lombok-1.18.39-4050.jar -XX:+HeapDumpOnOutOfMemoryError -XX:HeapDumpPath=c:\Users\91990\AppData\Roaming\Code\User\workspaceStorage\3cb9a8cd548f6144374c6c8cfa19e74b\redhat.java -Daether.dependencyCollector.impl=bf 
java_command: c:\Users\91990\.vscode\extensions\redhat.java-1.46.0-win32-x64\server\plugins\org.eclipse.equinox.launcher_1.7.0.v20250519-0528.jar -configuration c:\Users\91990\AppData\Roaming\Code\User\globalStorage\redhat.java\1.46.0\config_win -data c:\Users\91990\AppData\Roaming\Code\User\workspaceStorage\3cb9a8cd548f6144374c6c8cfa19e74b\redhat.java\jdt_ws --pipe=\\.\pipe\lsp-0f5dc96fb7c1694dc5b79544cb860abc-sock
java_class_path (initial): c:\Users\91990\.vscode\extensions\redhat.java-1.46.0-win32-x64\server\plugins\org.eclipse.equinox.launcher_1.7.0.v20250519-0528.jar
Launcher Type: SUN_STANDARD

[Global flags]
    uintx AdaptiveSizePolicyWeight                 = 90                                        {product} {command line}
     intx CICompilerCount                          = 4                                         {product} {ergonomic}
    uintx GCTimeRatio                              = 4                                         {product} {command line}
     bool HeapDumpOnOutOfMemoryError               = true                                   {manageable} {command line}
    ccstr HeapDumpPath                             = c:\Users\91990\AppData\Roaming\Code\User\workspaceStorage\3cb9a8cd548f6144374c6c8cfa19e74b\redhat.java         {manageable} {command line}
   size_t InitialHeapSize                          = 104857600                                 {product} {command line}
   size_t MaxHeapSize                              = 2147483648                                {product} {command line}
   size_t MaxNewSize                               = 715653120                                 {product} {ergonomic}
   size_t MinHeapDeltaBytes                        = 524288                                    {product} {ergonomic}
   size_t MinHeapSize                              = 104857600                                 {product} {command line}
   size_t NewSize                                  = 34603008                                  {product} {ergonomic}
    uintx NonNMethodCodeHeapSize                   = 5839372                                {pd product} {ergonomic}
    uintx NonProfiledCodeHeapSize                  = 122909434                              {pd product} {ergonomic}
   size_t OldSize                                  = 70254592                                  {product} {ergonomic}
    uintx ProfiledCodeHeapSize                     = 122909434                              {pd product} {ergonomic}
    uintx ReservedCodeCacheSize                    = 251658240                              {pd product} {ergonomic}
     bool SegmentedCodeCache                       = true                                      {product} {ergonomic}
   size_t SoftMaxHeapSize                          = 2147483648                             {manageable} {ergonomic}
     bool UseCompressedOops                        = true                           {product lp64_product} {ergonomic}
     bool UseLargePagesIndividualAllocation        = false                                  {pd product} {ergonomic}
     bool UseParallelGC                            = true                                      {product} {command line}

Logging:
Log output configuration:
 #0: stdout all=off uptime,level,tags foldmultilines=false
 #1: stderr all=off uptime,level,tags foldmultilines=false

Environment Variables:
JAVA_HOME=C:\Program Files\Java\jdk-21
PATH=C:\Program Files\Common Files\Oracle\Java\javapath;C:\Program Files\Python311\Scripts\;C:\Program Files\Python311\;C:\Windows\system32;C:\Windows;C:\Windows\System32\Wbem;C:\Windows\System32\WindowsPowerShell\v1.0\;C:\Windows\System32\OpenSSH\;C:\Program Files\dotnet\;C:\Program Files\MySQL\MySQL Server 8.0\bin;C:\MinGW\bin;C:\Program Files\Java\jdk-22\bin;C:\Program Files\Java\jdk-21\bin;C:\Program Files (x86)\IBM\Cloud\bin;C:\Program Files\Docker\Docker\resources\bin;C:\minikube;C:\tools;C:\terraform_1.10.5_windows_386\;C:\Program Files\MySQL\MySQL Shell 8.0\bin\;C:\Users\91990\AppData\Local\Microsoft\WindowsApps;C:\Users\91990\AppData\Local\Programs\Microsoft VS Code\bin;C:\Users\91990\AppData\Roaming\npm;C:\Users\91990\OneDrive\Desktop\biet\PyCharm Community Edition 2023.1.1\bin;C:\mysql-connector-j-8.3.0.jar;C:\Program Files\Kubernetes;C:\Program Files\nodejs\;C:\apachemaven\apache-maven-3.9.6\bin;C:\Program Files\Java\jdk-21\bin;C:\apachemaven\apache-maven-3.9.9\bin;C:\apachemaven\apache-maven-3.8.8\apache-maven-3.8.8\bin;C:\WINDOWS\system32;C:\WINDOWS;C:\WINDOWS\System32\Wbem;C:\WINDOWS\System32\WindowsPowerShell\v1.0\;C:\WINDOWS\System32\OpenSSH\;C:\Program Files\Git\cmd;C:\Program Files\Git\bin;C:\Program Files\Git\cmd;C:\Program Files\MySQL\MySQL Shell 8.0\bin\;C:\Users\91990\AppData\Local\Microsoft\WindowsApps;C:\Users\91990\AppData\Local\Programs\Microsoft VS Code\bin;C:\Users\91990\OneDrive\Desktop\biet\PyCharm Community Edition 2023.1.1\bin;;C:\mysql-connector-j-8.3.0.jar;C:\tools;C:\Users\91990\AppData\Roaming\npm;
USERNAME=91990
OS=Windows_NT
PROCESSOR_IDENTIFIER=Intel64 Family 6 Model 140 Stepping 1, GenuineIntel
TMP=C:\Users\91990\AppData\Local\Temp
TEMP=C:\Users\91990\AppData\Local\Temp




Periodic native trim disabled

---------------  S Y S T E M  ---------------

OS:
 Windows 11 , 64 bit Build 26100 (10.0.26100.6725)
OS uptime: 4 days 20:35 hours
Hyper-V role detected

CPU: total 8 (initial active 8) (4 cores per cpu, 2 threads per core) family 6 model 140 stepping 1 microcode 0xbc, cx8, cmov, fxsr, ht, mmx, 3dnowpref, sse, sse2, sse3, ssse3, sse4.1, sse4.2, popcnt, lzcnt, tsc, tscinvbit, avx, avx2, aes, erms, clmul, bmi1, bmi2, adx, avx512f, avx512dq, avx512cd, avx512bw, avx512vl, sha, fma, vzeroupper, avx512_vpopcntdq, avx512_vpclmulqdq, avx512_vaes, avx512_vnni, clflush, clflushopt, clwb, avx512_vbmi2, avx512_vbmi, hv, rdtscp, rdpid, fsrm, gfni, avx512_bitalg, f16c, cet_ibt, cet_ss, avx512_ifma
Processor Information for the first 8 processors :
  Max Mhz: 2419, Current Mhz: 2419, Mhz Limit: 2419

Memory: 4k page, system-wide physical 7926M (472M free)
TotalPageFile size 22652M (AvailPageFile size 0M)
current process WorkingSet (physical memory assigned to process): 394M, peak: 436M
current process commit charge ("private bytes"): 830M, peak: 831M

vm_info: OpenJDK 64-Bit Server VM (21.0.8+9-LTS) for windows-amd64 JRE (21.0.8+9-LTS), built on 2025-07-15T00:00:00Z by "admin" with MS VC++ 17.7 (VS2022)

END.
